<?xml version="1.0" encoding="UTF-8"?>
<testsuites>
  <testsuite name="/Users/jeremybutler/Development/useclassy-laravel/phpunit.xml" tests="15" assertions="22" errors="0" failures="0" skipped="0" time="0.057381">
    <testsuite name="UseClassy Laravel Tests" tests="15" assertions="22" errors="0" failures="0" skipped="0" time="0.057381">
      <testsuite name="UseClassy\Laravel\Tests\UseClassyServiceProviderTest" file="/Users/jeremybutler/Development/useclassy-laravel/tests/UseClassyServiceProviderTest.php" tests="15" assertions="22" errors="0" failures="0" skipped="0" time="0.057381">
        <testcase name="test_transform_multiple_classes_single_modifier" file="/Users/jeremybutler/Development/useclassy-laravel/tests/UseClassyServiceProviderTest.php" line="42" class="UseClassy\Laravel\Tests\UseClassyServiceProviderTest" classname="UseClassy.Laravel.Tests.UseClassyServiceProviderTest" assertions="1" time="0.032991"/>
        <testcase name="test_transform_complex_pseudo_selectors" file="/Users/jeremybutler/Development/useclassy-laravel/tests/UseClassyServiceProviderTest.php" line="183" class="UseClassy\Laravel\Tests\UseClassyServiceProviderTest" classname="UseClassy.Laravel.Tests.UseClassyServiceProviderTest" assertions="4" time="0.002237"/>
        <testcase name="test_service_provider_registers_correctly" file="/Users/jeremybutler/Development/useclassy-laravel/tests/UseClassyServiceProviderTest.php" line="18" class="UseClassy\Laravel\Tests\UseClassyServiceProviderTest" classname="UseClassy.Laravel.Tests.UseClassyServiceProviderTest" assertions="1" time="0.001645"/>
        <testcase name="test_transform_responsive_and_state_modifiers" file="/Users/jeremybutler/Development/useclassy-laravel/tests/UseClassyServiceProviderTest.php" line="161" class="UseClassy\Laravel\Tests\UseClassyServiceProviderTest" classname="UseClassy.Laravel.Tests.UseClassyServiceProviderTest" assertions="1" time="0.001423"/>
        <testcase name="test_transform_different_quote_types" file="/Users/jeremybutler/Development/useclassy-laravel/tests/UseClassyServiceProviderTest.php" line="86" class="UseClassy\Laravel\Tests\UseClassyServiceProviderTest" classname="UseClassy.Laravel.Tests.UseClassyServiceProviderTest" assertions="3" time="0.001422"/>
        <testcase name="test_transform_multiple_modifiers" file="/Users/jeremybutler/Development/useclassy-laravel/tests/UseClassyServiceProviderTest.php" line="53" class="UseClassy\Laravel\Tests\UseClassyServiceProviderTest" classname="UseClassy.Laravel.Tests.UseClassyServiceProviderTest" assertions="1" time="0.001464"/>
        <testcase name="test_transform_with_extra_spaces" file="/Users/jeremybutler/Development/useclassy-laravel/tests/UseClassyServiceProviderTest.php" line="120" class="UseClassy\Laravel\Tests\UseClassyServiceProviderTest" classname="UseClassy.Laravel.Tests.UseClassyServiceProviderTest" assertions="1" time="0.001427"/>
        <testcase name="test_transform_with_blade_variables" file="/Users/jeremybutler/Development/useclassy-laravel/tests/UseClassyServiceProviderTest.php" line="172" class="UseClassy\Laravel\Tests\UseClassyServiceProviderTest" classname="UseClassy.Laravel.Tests.UseClassyServiceProviderTest" assertions="1" time="0.001666"/>
        <testcase name="test_transform_single_class_modifier" file="/Users/jeremybutler/Development/useclassy-laravel/tests/UseClassyServiceProviderTest.php" line="31" class="UseClassy\Laravel\Tests\UseClassyServiceProviderTest" classname="UseClassy.Laravel.Tests.UseClassyServiceProviderTest" assertions="1" time="0.001919"/>
        <testcase name="test_transform_complex_html_structure" file="/Users/jeremybutler/Development/useclassy-laravel/tests/UseClassyServiceProviderTest.php" line="131" class="UseClassy\Laravel\Tests\UseClassyServiceProviderTest" classname="UseClassy.Laravel.Tests.UseClassyServiceProviderTest" assertions="3" time="0.001765"/>
        <testcase name="test_transform_no_class_modifiers" file="/Users/jeremybutler/Development/useclassy-laravel/tests/UseClassyServiceProviderTest.php" line="150" class="UseClassy\Laravel\Tests\UseClassyServiceProviderTest" classname="UseClassy.Laravel.Tests.UseClassyServiceProviderTest" assertions="1" time="0.001562"/>
        <testcase name="test_transform_empty_class_values" file="/Users/jeremybutler/Development/useclassy-laravel/tests/UseClassyServiceProviderTest.php" line="109" class="UseClassy\Laravel\Tests\UseClassyServiceProviderTest" classname="UseClassy.Laravel.Tests.UseClassyServiceProviderTest" assertions="1" time="0.001542"/>
        <testcase name="test_blade_compiler_extension_is_registered" file="/Users/jeremybutler/Development/useclassy-laravel/tests/UseClassyServiceProviderTest.php" line="25" class="UseClassy\Laravel\Tests\UseClassyServiceProviderTest" classname="UseClassy.Laravel.Tests.UseClassyServiceProviderTest" assertions="1" time="0.002693"/>
        <testcase name="test_transform_with_existing_class_attribute" file="/Users/jeremybutler/Development/useclassy-laravel/tests/UseClassyServiceProviderTest.php" line="64" class="UseClassy\Laravel\Tests\UseClassyServiceProviderTest" classname="UseClassy.Laravel.Tests.UseClassyServiceProviderTest" assertions="1" time="0.002057"/>
        <testcase name="test_transform_with_existing_class_and_multiple_modifiers" file="/Users/jeremybutler/Development/useclassy-laravel/tests/UseClassyServiceProviderTest.php" line="75" class="UseClassy\Laravel\Tests\UseClassyServiceProviderTest" classname="UseClassy.Laravel.Tests.UseClassyServiceProviderTest" assertions="1" time="0.001568"/>
      </testsuite>
    </testsuite>
  </testsuite>
</testsuites>
