<?xml version="1.0" encoding="UTF-8"?>
<testsuites>
  <testsuite name="/Users/jeremy/Development/useclassy-laravel/phpunit.xml" tests="17" assertions="27" errors="0" failures="0" skipped="0" time="0.267041">
    <testsuite name="UseClassy Laravel Tests" tests="17" assertions="27" errors="0" failures="0" skipped="0" time="0.267041">
      <testsuite name="UseClassy\Laravel\Tests\UseClassyBladeLateRegistrationTest" file="/Users/jeremy/Development/useclassy-laravel/tests/UseClassyBladeLateRegistrationTest.php" tests="1" assertions="2" errors="0" failures="0" skipped="0" time="0.213252">
        <testcase name="test_blade_extension_when_compiler_resolved_before_provider" file="/Users/jeremy/Development/useclassy-laravel/tests/UseClassyBladeLateRegistrationTest.php" line="17" class="UseClassy\Laravel\Tests\UseClassyBladeLateRegistrationTest" classname="UseClassy.Laravel.Tests.UseClassyBladeLateRegistrationTest" assertions="2" time="0.213252"/>
      </testsuite>
      <testsuite name="UseClassy\Laravel\Tests\UseClassyServiceProviderTest" file="/Users/jeremy/Development/useclassy-laravel/tests/UseClassyServiceProviderTest.php" tests="16" assertions="25" errors="0" failures="0" skipped="0" time="0.053789">
        <testcase name="test_transform_with_blade_variables" file="/Users/jeremy/Development/useclassy-laravel/tests/UseClassyServiceProviderTest.php" line="169" class="UseClassy\Laravel\Tests\UseClassyServiceProviderTest" classname="UseClassy.Laravel.Tests.UseClassyServiceProviderTest" assertions="1" time="0.005495"/>
        <testcase name="test_transform_with_existing_class_attribute" file="/Users/jeremy/Development/useclassy-laravel/tests/UseClassyServiceProviderTest.php" line="74" class="UseClassy\Laravel\Tests\UseClassyServiceProviderTest" classname="UseClassy.Laravel.Tests.UseClassyServiceProviderTest" assertions="1" time="0.002921"/>
        <testcase name="test_service_provider_registers_correctly" file="/Users/jeremy/Development/useclassy-laravel/tests/UseClassyServiceProviderTest.php" line="26" class="UseClassy\Laravel\Tests\UseClassyServiceProviderTest" classname="UseClassy.Laravel.Tests.UseClassyServiceProviderTest" assertions="1" time="0.002952"/>
        <testcase name="test_transform_empty_class_values" file="/Users/jeremy/Development/useclassy-laravel/tests/UseClassyServiceProviderTest.php" line="111" class="UseClassy\Laravel\Tests\UseClassyServiceProviderTest" classname="UseClassy.Laravel.Tests.UseClassyServiceProviderTest" assertions="1" time="0.002573"/>
        <testcase name="test_blade_compiler_applies_useclassy_transform" file="/Users/jeremy/Development/useclassy-laravel/tests/UseClassyServiceProviderTest.php" line="33" class="UseClassy\Laravel\Tests\UseClassyServiceProviderTest" classname="UseClassy.Laravel.Tests.UseClassyServiceProviderTest" assertions="3" time="0.003024"/>
        <testcase name="test_transform_multiple_modifiers" file="/Users/jeremy/Development/useclassy-laravel/tests/UseClassyServiceProviderTest.php" line="64" class="UseClassy\Laravel\Tests\UseClassyServiceProviderTest" classname="UseClassy.Laravel.Tests.UseClassyServiceProviderTest" assertions="1" time="0.003922"/>
        <testcase name="test_transform_complex_pseudo_selectors" file="/Users/jeremy/Development/useclassy-laravel/tests/UseClassyServiceProviderTest.php" line="179" class="UseClassy\Laravel\Tests\UseClassyServiceProviderTest" classname="UseClassy.Laravel.Tests.UseClassyServiceProviderTest" assertions="4" time="0.002810"/>
        <testcase name="test_transform_different_quote_types" file="/Users/jeremy/Development/useclassy-laravel/tests/UseClassyServiceProviderTest.php" line="94" class="UseClassy\Laravel\Tests\UseClassyServiceProviderTest" classname="UseClassy.Laravel.Tests.UseClassyServiceProviderTest" assertions="3" time="0.002475"/>
        <testcase name="test_transform_complex_html_structure" file="/Users/jeremy/Development/useclassy-laravel/tests/UseClassyServiceProviderTest.php" line="131" class="UseClassy\Laravel\Tests\UseClassyServiceProviderTest" classname="UseClassy.Laravel.Tests.UseClassyServiceProviderTest" assertions="3" time="0.003673"/>
        <testcase name="test_transform_preserves_underscores_in_utility_classes" file="/Users/jeremy/Development/useclassy-laravel/tests/UseClassyServiceProviderTest.php" line="200" class="UseClassy\Laravel\Tests\UseClassyServiceProviderTest" classname="UseClassy.Laravel.Tests.UseClassyServiceProviderTest" assertions="1" time="0.002840"/>
        <testcase name="test_transform_responsive_and_state_modifiers" file="/Users/jeremy/Development/useclassy-laravel/tests/UseClassyServiceProviderTest.php" line="159" class="UseClassy\Laravel\Tests\UseClassyServiceProviderTest" classname="UseClassy.Laravel.Tests.UseClassyServiceProviderTest" assertions="1" time="0.003842"/>
        <testcase name="test_transform_no_class_modifiers" file="/Users/jeremy/Development/useclassy-laravel/tests/UseClassyServiceProviderTest.php" line="149" class="UseClassy\Laravel\Tests\UseClassyServiceProviderTest" classname="UseClassy.Laravel.Tests.UseClassyServiceProviderTest" assertions="1" time="0.003301"/>
        <testcase name="test_transform_multiple_classes_single_modifier" file="/Users/jeremy/Development/useclassy-laravel/tests/UseClassyServiceProviderTest.php" line="54" class="UseClassy\Laravel\Tests\UseClassyServiceProviderTest" classname="UseClassy.Laravel.Tests.UseClassyServiceProviderTest" assertions="1" time="0.003167"/>
        <testcase name="test_transform_with_extra_spaces" file="/Users/jeremy/Development/useclassy-laravel/tests/UseClassyServiceProviderTest.php" line="121" class="UseClassy\Laravel\Tests\UseClassyServiceProviderTest" classname="UseClassy.Laravel.Tests.UseClassyServiceProviderTest" assertions="1" time="0.004020"/>
        <testcase name="test_transform_with_existing_class_and_multiple_modifiers" file="/Users/jeremy/Development/useclassy-laravel/tests/UseClassyServiceProviderTest.php" line="84" class="UseClassy\Laravel\Tests\UseClassyServiceProviderTest" classname="UseClassy.Laravel.Tests.UseClassyServiceProviderTest" assertions="1" time="0.002834"/>
        <testcase name="test_transform_single_class_modifier" file="/Users/jeremy/Development/useclassy-laravel/tests/UseClassyServiceProviderTest.php" line="44" class="UseClassy\Laravel\Tests\UseClassyServiceProviderTest" classname="UseClassy.Laravel.Tests.UseClassyServiceProviderTest" assertions="1" time="0.003940"/>
      </testsuite>
    </testsuite>
  </testsuite>
</testsuites>
